<?xml version="1.0" encoding="UTF-8"?>
<!-- Generated by org.testng.reporters.JUnitReportReporter -->
<testsuite hostname="DESKTOP-4P1RL6G" failures="0" tests="3" name="ru.org.autotest.SecondTest" time="142.534" errors="0" timestamp="28 апр. 2019 12:55:02 GMT" skipped="0">
  <testcase classname="ru.org.autotest.SecondTest" name="changeCity" time="42.084"/>
  <testcase classname="ru.org.autotest.SecondTest" name="changeCity" time="43.206"/>
  <testcase classname="ru.org.autotest.SecondTest" name="changeCity" time="57.244"/>
</testsuite> <!-- ru.org.autotest.SecondTest -->
