<?xml version="1.0" encoding="UTF-8"?>
<!-- Generated by org.testng.reporters.JUnitReportReporter -->
<testsuite hostname="DESKTOP-4P1RL6G" failures="0" tests="1" name="ru.org.autotest.ThirdTest" time="61.308" errors="0" timestamp="28 апр. 2019 10:38:03 GMT" skipped="0">
  <testcase classname="ru.org.autotest.ThirdTest" name="toothbrushOrder" time="61.308"/>
</testsuite> <!-- ru.org.autotest.ThirdTest -->
