<?xml version="1.0" encoding="UTF-8"?>
<!-- Generated by org.testng.reporters.JUnitReportReporter -->
<testsuite hostname="DESKTOP-4P1RL6G" failures="0" tests="1" name="ru.org.autotest.ThirdTest" time="54.371" errors="0" timestamp="28 апр. 2019 12:55:02 GMT" skipped="0">
  <testcase classname="ru.org.autotest.ThirdTest" name="toothbrushOrder" time="54.371"/>
</testsuite> <!-- ru.org.autotest.ThirdTest -->
