<?xml version="1.0" encoding="UTF-8"?>
<!-- Generated by org.testng.reporters.JUnitReportReporter -->
<testsuite hostname="DESKTOP-4P1RL6G" failures="0" tests="3" name="ru.org.autotest.SecondTest" time="166.657" errors="0" timestamp="27 апр. 2019 19:00:23 GMT" skipped="0">
  <testcase classname="ru.org.autotest.SecondTest" name="changeCity" time="58.790"/>
  <testcase classname="ru.org.autotest.SecondTest" name="changeCity" time="55.856"/>
  <testcase classname="ru.org.autotest.SecondTest" name="changeCity" time="52.011"/>
</testsuite> <!-- ru.org.autotest.SecondTest -->
