<?xml version="1.0" encoding="UTF-8"?>
<!-- Generated by org.testng.reporters.JUnitReportReporter -->
<testsuite hostname="DESKTOP-4P1RL6G" failures="0" tests="3" name="ru.org.autotest.SecondTest" time="117.653" errors="0" timestamp="27 апр. 2019 14:13:26 GMT" skipped="0">
  <testcase classname="ru.org.autotest.SecondTest" name="changeCity" time="42.078"/>
  <testcase classname="ru.org.autotest.SecondTest" name="changeCity" time="38.709"/>
  <testcase classname="ru.org.autotest.SecondTest" name="changeCity" time="36.866"/>
</testsuite> <!-- ru.org.autotest.SecondTest -->
