<?xml version="1.0" encoding="UTF-8"?>
<!-- Generated by org.testng.reporters.JUnitReportReporter -->
<testsuite hostname="DESKTOP-4P1RL6G" failures="0" tests="3" name="ru.org.autotest.SecondTest" time="161.720" errors="0" timestamp="28 апр. 2019 10:38:03 GMT" skipped="0">
  <testcase classname="ru.org.autotest.SecondTest" name="changeCity" time="49.399"/>
  <testcase classname="ru.org.autotest.SecondTest" name="changeCity" time="57.571"/>
  <testcase classname="ru.org.autotest.SecondTest" name="changeCity" time="54.750"/>
</testsuite> <!-- ru.org.autotest.SecondTest -->
